[0mCompiling "resources/public/js/client.js" from ["src"]...[0m
[31mFailed to compile "resources/public/js/client.js" in 0.45 seconds.[0m
[36m----  Could not Read  src/simple/core.cljs   line:13 ----[0m

  [1mC:\dev\resources\re-frame\examples\simple\src\simple\core.cljs [line 13, col 39] Unmatched delimiter ).[0m

  [36m11[0m  [36m(defn dispatch-timer-event[0m
  [36m12[0m  [36m  [[0m
  [33m13[0m  [1m    (rf/dispatch [:timer (js/Date.)]))  ;; <-- dispatch used[0m
  [0m  [0m  [33m    C:\dev\resources\re-frame\examples\simple\src\simple\core.cljs [line 13, col 39] Unmatched delimiter ).[0m
  [36m14[0m  [36m[0m
  [36m15[0m  [36m;; Call the dispatching function every second.[0m
  [36m16[0m  [36m;; `defonce` is like `def` but it ensures only one instance is ever[0m

[36m----  Reader Error : Please see src/simple/core.cljs  ----[0m
[0mCompiling "resources/public/js/client.js" from ["src"]...[0m
[32mSuccessfully compiled "resources/public/js/client.js" in 0.637 seconds.[0m
notifying browser that file changed:  resources/public/js/goog/deps.js
notifying browser that file changed:  resources/public/js/cljs_deps.js
notifying browser that file changed:  resources\public\js\simple\core.js
[0mCompiling "resources/public/js/client.js" from ["src"]...[0m
[32mSuccessfully compiled "resources/public/js/client.js" in 3.548 seconds.[0m
notifying browser that file changed:  resources\public\js\simple\core.js
Notifying browser that CSS file changed: resources/public/example.css
[0mCompiling "resources/public/js/client.js" from ["src"]...[0m
[32mSuccessfully compiled "resources/public/js/client.js" in 0.833 seconds.[0m
notifying browser that file changed:  resources/public/js/goog/deps.js
notifying browser that file changed:  resources/public/js/cljs_deps.js
notifying browser that file changed:  resources\public\js\simple\core.js
[0mCompiling "resources/public/js/client.js" from ["src"]...[0m
[32mSuccessfully compiled "resources/public/js/client.js" in 0.705 seconds.[0m
notifying browser that file changed:  resources\public\js\simple\core.js
Notifying browser that CSS file changed: resources/public/example.css
[0mCompiling "resources/public/js/client.js" from ["src"]...[0m
[32mSuccessfully compiled "resources/public/js/client.js" in 0.647 seconds.[0m
notifying browser that file changed:  resources\public\js\simple\core.js
[0mCompiling "resources/public/js/client.js" from ["src"]...[0m
[32mSuccessfully compiled "resources/public/js/client.js" in 0.663 seconds.[0m
notifying browser that file changed:  resources\public\js\simple\core.js
[0mCompiling "resources/public/js/client.js" from ["src"]...[0m
[32mSuccessfully compiled "resources/public/js/client.js" in 0.667 seconds.[0m
notifying browser that file changed:  resources\public\js\simple\core.js
[0mCompiling "resources/public/js/client.js" from ["src"]...[0m
[32mSuccessfully compiled "resources/public/js/client.js" in 0.511 seconds.[0m
notifying browser that file changed:  resources\public\js\simple\core.js
[0mCompiling "resources/public/js/client.js" from ["src"]...[0m
[31mFailed to compile "resources/public/js/client.js" in 0.413 seconds.[0m
[36m----  Could not Read  src/simple/core.cljs   line:89 ----[0m

  [1mC:\dev\resources\re-frame\examples\simple\src\simple\core.cljs [line 89, col 31] Invalid keyword: :.[0m

  [36m87[0m  [36m  [:button.square {[0m
  [36m88[0m  [36m    :value @(rf/subscribe [:cell-values index])[0m
  [33m89[0m  [1m    :on-click #(rf/dispatch [:])[0m
  [0m  [0m  [33m    C:\dev\resources\re-frame\examples\simple\src\simple\core.cljs [line 89, col 31] Invalid keyword: :.[0m
  [36m90[0m  [36m[0m
  [36m91[0m  [36m  }])[0m

[36m----  Reader Error : Please see src/simple/core.cljs  ----[0m
[0mCompiling "resources/public/js/client.js" from ["src"]...[0m
[32mSuccessfully compiled "resources/public/js/client.js" in 0.629 seconds.[0m
notifying browser that file changed:  resources\public\js\simple\core.js
[0mCompiling "resources/public/js/client.js" from ["src"]...[0m
[32mSuccessfully compiled "resources/public/js/client.js" in 0.566 seconds.[0m
notifying browser that file changed:  resources\public\js\simple\core.js
[0mCompiling "resources/public/js/client.js" from ["src"]...[0m
[32mSuccessfully compiled "resources/public/js/client.js" in 0.618 seconds.[0m
notifying browser that file changed:  resources\public\js\simple\core.js
[0mCompiling "resources/public/js/client.js" from ["src"]...[0m
[36m----  Compiler Warning on   src/simple/core.cljs   line:98  column:35  ----[0m

  [1mWrong number of args (2) passed to simple.core/cell-row[0m

  [36m 94[0m  [36m  [:div.board-row (for [x (range columns)] [cell])])[0m
  [36m 95[0m  [36m[0m
  [36m 96[0m  [36m(defn board [0m
  [36m 97[0m  [36m  [rows-columns][0m
  [33m 98[0m  [1m  (for [row (range rows-columns)] (cell-row row 3)))[0m
  [0m   [0m  [33m                                  ^--- Wrong number of args (2) passed to simple.core/cell-row[0m
  [36m 99[0m  [36m[0m
  [36m100[0m  [36m(defn ui[0m
  [36m101[0m  [36m  [][0m
  [36m102[0m  [36m  [:div[0m
  [36m103[0m  [36m   [:h1 "Tic Tac Toe"][0m

[36m----  Compiler Warning : Please see src/simple/core.cljs  ----[0m
[36m----  Compiler Warning on   src/simple/core.cljs   line:98  column:35  ----[0m

  [1mWrong number of args (2) passed to simple.core/cell-row[0m

  [36m 94[0m  [36m  [:div.board-row (for [x (range columns)] [cell])])[0m
  [36m 95[0m  [36m[0m
  [36m 96[0m  [36m(defn board [0m
  [36m 97[0m  [36m  [rows-columns][0m
  [33m 98[0m  [1m  (for [row (range rows-columns)] (cell-row row 3)))[0m
  [0m   [0m  [33m                                  ^--- Wrong number of args (2) passed to simple.core/cell-row[0m
  [36m 99[0m  [36m[0m
  [36m100[0m  [36m(defn ui[0m
  [36m101[0m  [36m  [][0m
  [36m102[0m  [36m  [:div[0m
  [36m103[0m  [36m   [:h1 "Tic Tac Toe"][0m

[36m----  Compiler Warning : Please see src/simple/core.cljs  ----[0m
[32mSuccessfully compiled "resources/public/js/client.js" in 0.805 seconds.[0m
notifying browser that file changed:  resources\public\js\simple\core.js
[0mCompiling "resources/public/js/client.js" from ["src"]...[0m
[31mFailed to compile "resources/public/js/client.js" in 0.387 seconds.[0m
[36m----  Could not Analyze  src/simple/core.cljs   line:94  column:19  ----[0m

  [1mfor requires an even number of forms in binding vector[0m

  [36m92[0m  [36m(defn cell-row[0m
  [36m93[0m  [36m  [row columns][0m
  [33m94[0m  [1m  [:div.board-row (for [ (range columns)] [cell])])[0m
  [0m  [0m  [33m                  ^--- for requires an even number of forms in binding vector[0m
  [36m95[0m  [36m[0m
  [36m96[0m  [36m(defn board [0m
  [36m97[0m  [36m  [rows-columns][0m

[36m----  Analysis Error : Please see src/simple/core.cljs  ----[0m
[0mCompiling "resources/public/js/client.js" from ["src"]...[0m
[36m----  Compiler Warning on   src/simple/core.cljs   line:104  column:23  ----[0m

  [1mWrong number of args (1) passed to simple.core/cell-row[0m

  [36m100[0m  [36m(defn ui[0m
  [36m101[0m  [36m  [][0m
  [36m102[0m  [36m  [:div[0m
  [36m103[0m  [36m   [:h1 "Tic Tac Toe"][0m
  [33m104[0m  [1m   (for [x (range 3)] (cell-row 3))][0m
  [0m   [0m  [33m                      ^--- Wrong number of args (1) passed to simple.core/cell-row[0m
  [36m105[0m  [36m   )[0m
  [36m106[0m  [36m[0m
  [36m107[0m  [36m;; -- Entry Point -------------------------------------------------------------[0m
  [36m108[0m  [36m[0m
  [36m109[0m  [36m(defn ^:export run[0m

[36m----  Compiler Warning : Please see src/simple/core.cljs  ----[0m
[36m----  Compiler Warning on   src/simple/core.cljs   line:104  column:23  ----[0m

  [1mWrong number of args (1) passed to simple.core/cell-row[0m

  [36m100[0m  [36m(defn ui[0m
  [36m101[0m  [36m  [][0m
  [36m102[0m  [36m  [:div[0m
  [36m103[0m  [36m   [:h1 "Tic Tac Toe"][0m
  [33m104[0m  [1m   (for [x (range 3)] (cell-row 3))][0m
  [0m   [0m  [33m                      ^--- Wrong number of args (1) passed to simple.core/cell-row[0m
  [36m105[0m  [36m   )[0m
  [36m106[0m  [36m[0m
  [36m107[0m  [36m;; -- Entry Point -------------------------------------------------------------[0m
  [36m108[0m  [36m[0m
  [36m109[0m  [36m(defn ^:export run[0m

[36m----  Compiler Warning : Please see src/simple/core.cljs  ----[0m
[32mSuccessfully compiled "resources/public/js/client.js" in 0.876 seconds.[0m
notifying browser that file changed:  resources\public\js\simple\core.js
[0mCompiling "resources/public/js/client.js" from ["src"]...[0m
[31mFailed to compile "resources/public/js/client.js" in 0.308 seconds.[0m
[36m----  Could not Read  src/simple/core.cljs   line:95 ----[0m

  [1mC:\dev\resources\re-frame\examples\simple\src\simple\core.cljs [line 95, col 42] Unmatched delimiter ].[0m

  [36m93[0m  [36m  [row columns][0m
  [36m94[0m  [36m  [:div.board-row [0m
  [33m95[0m  [1m    (for [column (range columns)] (cell)])[0m
  [0m  [0m  [33m    C:\dev\resources\re-frame\examples\simple\src\simple\core.cljs [line 95, col 42] Unmatched delimiter ].[0m
  [36m96[0m  [36m[0m
  [36m97[0m  [36m(defn board [0m
  [36m98[0m  [36m  [rows-columns][0m

[36m----  Reader Error : Please see src/simple/core.cljs  ----[0m
[0mCompiling "resources/public/js/client.js" from ["src"]...[0m
[31mFailed to compile "resources/public/js/client.js" in 0.45 seconds.[0m
[36m----  Could not Read  src/simple/core.cljs   line:97 ----[0m

  [1mC:\dev\resources\re-frame\examples\simple\src\simple\core.cljs [line 97, col 14] Unmatched delimiter ].[0m

  [36m 95[0m  [36m    (for [0m
  [36m 96[0m  [36m      [column (range columns)] [0m
  [33m 97[0m  [1m      (cell)])[0m
  [0m   [0m  [33m      C:\dev\resources\re-frame\examples\simple\src\simple\core.cljs [line 97, col 14] Unmatched delimiter ].[0m
  [36m 98[0m  [36m[0m
  [36m 99[0m  [36m(defn board [0m
  [36m100[0m  [36m  [rows-columns][0m

[36m----  Reader Error : Please see src/simple/core.cljs  ----[0m
[0mCompiling "resources/public/js/client.js" from ["src"]...[0m
[31mFailed to compile "resources/public/js/client.js" in 0.494 seconds.[0m
[36m----  Could not Read  src/simple/core.cljs   line:97 ----[0m

  [1mC:\dev\resources\re-frame\examples\simple\src\simple\core.cljs [line 97, col 14] Unmatched delimiter ].[0m

  [36m 95[0m  [36m    (for [0m
  [36m 96[0m  [36m      [column (range columns)] [0m
  [33m 97[0m  [1m      (cell)])[0m
  [0m   [0m  [33m      C:\dev\resources\re-frame\examples\simple\src\simple\core.cljs [line 97, col 14] Unmatched delimiter ].[0m
  [36m 98[0m  [36m[0m
  [36m 99[0m  [36m(defn board [0m
  [36m100[0m  [36m  [rows-columns][0m

[36m----  Reader Error : Please see src/simple/core.cljs  ----[0m
[0mCompiling "resources/public/js/client.js" from ["src"]...[0m
[31mFailed to compile "resources/public/js/client.js" in 0.323 seconds.[0m
[36m----  Could not Read  src/simple/core.cljs   line:97 ----[0m

  [1mC:\dev\resources\re-frame\examples\simple\src\simple\core.cljs [line 97, col 15] Unmatched delimiter ].[0m

  [36m 95[0m  [36m    (for [0m
  [36m 96[0m  [36m      [column (range columns)] [0m
  [33m 97[0m  [1m      (cell )])[0m
  [0m   [0m  [33m      C:\dev\resources\re-frame\examples\simple\src\simple\core.cljs [line 97, col 15] Unmatched delimiter ].[0m
  [36m 98[0m  [36m[0m
  [36m 99[0m  [36m(defn board [0m
  [36m100[0m  [36m  [rows-columns][0m

[36m----  Reader Error : Please see src/simple/core.cljs  ----[0m
[0mCompiling "resources/public/js/client.js" from ["src"]...[0m
[31mFailed to compile "resources/public/js/client.js" in 0.347 seconds.[0m
[36m----  Could not Read  src/simple/core.cljs   line:97 ----[0m

  [1mC:\dev\resources\re-frame\examples\simple\src\simple\core.cljs [line 97, col 40] Unmatched delimiter ].[0m

  [36m 95[0m  [36m    (for [0m
  [36m 96[0m  [36m      [column (range columns)] [0m
  [33m 97[0m  [1m      (cell (+ column (*row columns)))])[0m
  [0m   [0m  [33m      C:\dev\resources\re-frame\examples\simple\src\simple\core.cljs [line 97, col 40] Unmatched delimiter ].[0m
  [36m 98[0m  [36m[0m
  [36m 99[0m  [36m(defn board [0m
  [36m100[0m  [36m  [rows-columns][0m

[36m----  Reader Error : Please see src/simple/core.cljs  ----[0m
[0mCompiling "resources/public/js/client.js" from ["src"]...[0m
[31mFailed to compile "resources/public/js/client.js" in 0.327 seconds.[0m
[36m----  Could not Read  src/simple/core.cljs   line:97 ----[0m

  [1mC:\dev\resources\re-frame\examples\simple\src\simple\core.cljs [line 97, col 40] Unmatched delimiter ].[0m

  [36m 95[0m  [36m    (for [0m
  [36m 96[0m  [36m      [column (range columns)] [0m
  [33m 97[0m  [1m      (cell (+ column (*row columns)))])[0m
  [0m   [0m  [33m      C:\dev\resources\re-frame\examples\simple\src\simple\core.cljs [line 97, col 40] Unmatched delimiter ].[0m
  [36m 98[0m  [36m[0m
  [36m 99[0m  [36m(defn board [0m
  [36m100[0m  [36m  [rows-columns][0m

[36m----  Reader Error : Please see src/simple/core.cljs  ----[0m
[0mCompiling "resources/public/js/client.js" from ["src"]...[0m
[31mFailed to compile "resources/public/js/client.js" in 0.424 seconds.[0m
[36m----  Could not Read  src/simple/core.cljs   line:109 ----[0m

  [1mC:\dev\resources\re-frame\examples\simple\src\simple\core.cljs [line 109, col 14] Unmatched delimiter ).[0m

  [36m107[0m  [36m  [:div[0m
  [36m108[0m  [36m   [:h1 "Tic Tac Toe"][0m
  [33m109[0m  [1m   (board 3))[0m
  [0m   [0m  [33m   C:\dev\resources\re-frame\examples\simple\src\simple\core.cljs [line 109, col 14] Unmatched delimiter ).[0m
  [36m110[0m  [36m[0m
  [36m111[0m  [36m;; -- Entry Point -------------------------------------------------------------[0m

[36m----  Reader Error : Please see src/simple/core.cljs  ----[0m
[0mCompiling "resources/public/js/client.js" from ["src"]...[0m
[31mFailed to compile "resources/public/js/client.js" in 0.458 seconds.[0m
[36m----  Could not Read  src/simple/core.cljs   line:97 ----[0m

  [1mC:\dev\resources\re-frame\examples\simple\src\simple\core.cljs [line 97, col 41] Unmatched delimiter ).[0m

  [36m 95[0m  [36m    (for [0m
  [36m 96[0m  [36m      [column (range columns)] [0m
  [33m 97[0m  [1m      (cell (+ column (*row columns)))))[0m
  [0m   [0m  [33m      C:\dev\resources\re-frame\examples\simple\src\simple\core.cljs [line 97, col 41] Unmatched delimiter ).[0m
  [36m 98[0m  [36m[0m
  [36m 99[0m  [36m(defn board [0m
  [36m100[0m  [36m  [rows-columns][0m

[36m----  Reader Error : Please see src/simple/core.cljs  ----[0m
[0mCompiling "resources/public/js/client.js" from ["src"]...[0m
[36m----  Compiler Warning on   src/simple/core.cljs   line:97  column:24  ----[0m

  [1mUse of undeclared Var simple.core/*row[0m

  [36m 93[0m  [36m  [row columns][0m
  [36m 94[0m  [36m  [:div.board-row [0m
  [36m 95[0m  [36m    (for [0m
  [36m 96[0m  [36m      [column (range columns)] [0m
  [33m 97[0m  [1m      (cell (+ column (*row columns))))])[0m
  [0m   [0m  [33m                       ^--- Use of undeclared Var simple.core/*row[0m
  [36m 98[0m  [36m[0m
  [36m 99[0m  [36m(defn board [0m
  [36m100[0m  [36m  [rows-columns][0m
  [36m101[0m  [36m  (for [0m
  [36m102[0m  [36m    [row (range rows-columns)] [0m

[36m----  Compiler Warning : Please see src/simple/core.cljs  ----[0m
[36m----  Compiler Warning on   src/simple/core.cljs   line:97  column:24  ----[0m

  [1mUse of undeclared Var simple.core/*row[0m

  [36m 93[0m  [36m  [row columns][0m
  [36m 94[0m  [36m  [:div.board-row [0m
  [36m 95[0m  [36m    (for [0m
  [36m 96[0m  [36m      [column (range columns)] [0m
  [33m 97[0m  [1m      (cell (+ column (*row columns))))])[0m
  [0m   [0m  [33m                       ^--- Use of undeclared Var simple.core/*row[0m
  [36m 98[0m  [36m[0m
  [36m 99[0m  [36m(defn board [0m
  [36m100[0m  [36m  [rows-columns][0m
  [36m101[0m  [36m  (for [0m
  [36m102[0m  [36m    [row (range rows-columns)] [0m

[36m----  Compiler Warning : Please see src/simple/core.cljs  ----[0m
[31mFailed to compile "resources/public/js/client.js" in 0.432 seconds.[0m
[36m----  Could not Read  src/simple/core.cljs   line:109 ----[0m

  [1mC:\dev\resources\re-frame\examples\simple\src\simple\core.cljs [line 109, col 14] Unmatched delimiter ).[0m

  [36m107[0m  [36m  [:div[0m
  [36m108[0m  [36m   [:h1 "Tic Tac Toe"][0m
  [33m109[0m  [1m   (board 3))[0m
  [0m   [0m  [33m   C:\dev\resources\re-frame\examples\simple\src\simple\core.cljs [line 109, col 14] Unmatched delimiter ).[0m
  [36m110[0m  [36m[0m
  [36m111[0m  [36m;; -- Entry Point -------------------------------------------------------------[0m

[36m----  Reader Error : Please see src/simple/core.cljs  ----[0m
[0mCompiling "resources/public/js/client.js" from ["src"]...[0m
[36m----  Compiler Warning on   src/simple/core.cljs   line:97  column:24  ----[0m

  [1mUse of undeclared Var simple.core/*row[0m

  [36m 93[0m  [36m  [row columns][0m
  [36m 94[0m  [36m  [:div.board-row [0m
  [36m 95[0m  [36m    (for [0m
  [36m 96[0m  [36m      [column (range columns)] [0m
  [33m 97[0m  [1m      (cell (+ column (*row columns))))])[0m
  [0m   [0m  [33m                       ^--- Use of undeclared Var simple.core/*row[0m
  [36m 98[0m  [36m[0m
  [36m 99[0m  [36m(defn board [0m
  [36m100[0m  [36m  [rows-columns][0m
  [36m101[0m  [36m  (for [0m
  [36m102[0m  [36m    [row (range rows-columns)] [0m

[36m----  Compiler Warning : Please see src/simple/core.cljs  ----[0m
[36m----  Compiler Warning on   src/simple/core.cljs   line:97  column:24  ----[0m

  [1mUse of undeclared Var simple.core/*row[0m

  [36m 93[0m  [36m  [row columns][0m
  [36m 94[0m  [36m  [:div.board-row [0m
  [36m 95[0m  [36m    (for [0m
  [36m 96[0m  [36m      [column (range columns)] [0m
  [33m 97[0m  [1m      (cell (+ column (*row columns))))])[0m
  [0m   [0m  [33m                       ^--- Use of undeclared Var simple.core/*row[0m
  [36m 98[0m  [36m[0m
  [36m 99[0m  [36m(defn board [0m
  [36m100[0m  [36m  [rows-columns][0m
  [36m101[0m  [36m  (for [0m
  [36m102[0m  [36m    [row (range rows-columns)] [0m

[36m----  Compiler Warning : Please see src/simple/core.cljs  ----[0m
[32mSuccessfully compiled "resources/public/js/client.js" in 0.646 seconds.[0m
notifying browser that file changed:  resources\public\js\simple\core.js
[0mCompiling "resources/public/js/client.js" from ["src"]...[0m
[32mSuccessfully compiled "resources/public/js/client.js" in 0.591 seconds.[0m
notifying browser that file changed:  resources\public\js\simple\core.js
[0mCompiling "resources/public/js/client.js" from ["src"]...[0m
[32mSuccessfully compiled "resources/public/js/client.js" in 0.544 seconds.[0m
notifying browser that file changed:  resources\public\js\simple\core.js
[0mCompiling "resources/public/js/client.js" from ["src"]...[0m
[36m----  Compiler Warning on   src/simple/core.cljs   line:88  column:47  ----[0m

  [1mUse of undeclared Var simple.core/s[0m

  [36m85[0m  [36m(defn cell[0m
  [36m86[0m  [36m  [index][0m
  [36m87[0m  [36m  [:button.square {[0m
  [33m88[0m  [1m    :value @(rf/subscribe [:cell-values index]s)[0m
  [0m  [0m  [33m                                              ^--- Use of undeclared Var simple.core/s[0m
  [36m89[0m  [36m    :on-click #(rf/dispatch [:mark index])[0m
  [36m90[0m  [36m  } index])[0m
  [36m91[0m  [36m[0m
  [36m92[0m  [36m(defn cell-row[0m
  [36m93[0m  [36m  [row columns][0m

[36m----  Compiler Warning : Please see src/simple/core.cljs  ----[0m
[32mSuccessfully compiled "resources/public/js/client.js" in 0.709 seconds.[0m
notifying browser that file changed:  resources\public\js\simple\core.js
[0mCompiling "resources/public/js/client.js" from ["src"]...[0m
[32mSuccessfully compiled "resources/public/js/client.js" in 0.507 seconds.[0m
notifying browser that file changed:  resources\public\js\simple\core.js
[0mCompiling "resources/public/js/client.js" from ["src"]...[0m
[32mSuccessfully compiled "resources/public/js/client.js" in 0.731 seconds.[0m
notifying browser that file changed:  resources\public\js\simple\core.js
[0mCompiling "resources/public/js/client.js" from ["src"]...[0m
[32mSuccessfully compiled "resources/public/js/client.js" in 0.599 seconds.[0m
notifying browser that file changed:  resources\public\js\simple\core.js
[0mCompiling "resources/public/js/client.js" from ["src"]...[0m
[32mSuccessfully compiled "resources/public/js/client.js" in 0.771 seconds.[0m
notifying browser that file changed:  resources\public\js\simple\core.js
[0mCompiling "resources/public/js/client.js" from ["src"]...[0m
[31mFailed to compile "resources/public/js/client.js" in 0.328 seconds.[0m
[36m----  Could not Read  src/simple/core.cljs   line:88 ----[0m

  [1mC:\dev\resources\re-frame\examples\simple\src\simple\core.cljs [line 88, col 13] Unmatched delimiter ).[0m

  [36m86[0m  [36m[index][0m
  [36m87[0m  [36m[:button.square {[0m
  [33m88[0m  [1m  :value )[0m
  [0m  [0m  [33m  C:\dev\resources\re-frame\examples\simple\src\simple\core.cljs [line 88, col 13] Unmatched delimiter ).[0m
  [36m89[0m  [36m  :on-click #(rf/dispatch [:mark index])[0m
  [36m90[0m  [36m} @(rf/subscribe [:cell-values index]])[0m

[36m----  Reader Error : Please see src/simple/core.cljs  ----[0m
[0mCompiling "resources/public/js/client.js" from ["src"]...[0m
[32mSuccessfully compiled "resources/public/js/client.js" in 0.605 seconds.[0m
notifying browser that file changed:  resources\public\js\simple\core.js
[0mCompiling "resources/public/js/client.js" from ["src"]...[0m
[32mSuccessfully compiled "resources/public/js/client.js" in 0.612 seconds.[0m
notifying browser that file changed:  resources\public\js\simple\core.js
[0mCompiling "resources/public/js/client.js" from ["src"]...[0m
[31mFailed to compile "resources/public/js/client.js" in 0.32 seconds.[0m
[36m----  Could not Read  src/simple/core.cljs   line:66 ----[0m

  [1mC:\dev\resources\re-frame\examples\simple\src\simple\core.cljs [line 66, col 25] Unmatched delimiter ).[0m

  [36m64[0m  [36m  :cell-values [0m
  [36m65[0m  [36m  (fn [db _][0m
  [33m66[0m  [1m    (:cell-values db))))[0m
  [0m  [0m  [33m    C:\dev\resources\re-frame\examples\simple\src\simple\core.cljs [line 66, col 25] Unmatched delimiter ).[0m
  [36m67[0m  [36m[0m
  [36m68[0m  [36m[0m
  [36m69[0m  [36m;; -- Domino 5 - View Functions ----------------------------------------------[0m

[36m----  Reader Error : Please see src/simple/core.cljs  ----[0m
[0mCompiling "resources/public/js/client.js" from ["src"]...[0m
[31mFailed to compile "resources/public/js/client.js" in 0.394 seconds.[0m
[36m----  Could not Read  src/simple/core.cljs   line:29 ----[0m

  [1mC:\dev\resources\re-frame\examples\simple\src\simple\core.cljs [line 29, col 22] Unmatched delimiter ).[0m

  [36m27[0m  [36m    {:time (js/Date.)         ;; What it returns becomes the new application state[0m
  [36m28[0m  [36m     :time-color "#f88"[0m
  [33m29[0m  [1m     :cell-values []))    ;; so the application state will initially be a map with two keys[0m
  [0m  [0m  [33m     C:\dev\resources\re-frame\examples\simple\src\simple\core.cljs [line 29, col 22] Unmatched delimiter ).[0m
  [36m30[0m  [36m[0m
  [36m31[0m  [36m[0m
  [36m32[0m  [36m(rf/reg-event-db                ;; usage:  (dispatch [:time-color-change 34562])[0m

[36m----  Reader Error : Please see src/simple/core.cljs  ----[0m
[0mCompiling "resources/public/js/client.js" from ["src"]...[0m
[31mFailed to compile "resources/public/js/client.js" in 0.387 seconds.[0m
[36m----  Could not Read  src/simple/core.cljs   line:29 ----[0m

  [1mC:\dev\resources\re-frame\examples\simple\src\simple\core.cljs [line 29, col 22] Unmatched delimiter ).[0m

  [36m27[0m  [36m    {:time (js/Date.)         ;; What it returns becomes the new application state[0m
  [36m28[0m  [36m     :time-color "#f88"[0m
  [33m29[0m  [1m     :cell-values {}))    ;; so the application state will initially be a map with two keys[0m
  [0m  [0m  [33m     C:\dev\resources\re-frame\examples\simple\src\simple\core.cljs [line 29, col 22] Unmatched delimiter ).[0m
  [36m30[0m  [36m[0m
  [36m31[0m  [36m[0m
  [36m32[0m  [36m(rf/reg-event-db                ;; usage:  (dispatch [:time-color-change 34562])[0m

[36m----  Reader Error : Please see src/simple/core.cljs  ----[0m
[0mCompiling "resources/public/js/client.js" from ["src"]...[0m
[31mFailed to compile "resources/public/js/client.js" in 0.282 seconds.[0m
[36m----  Could not Read  src/simple/core.cljs   line:29 ----[0m

  [1mC:\dev\resources\re-frame\examples\simple\src\simple\core.cljs [line 29, col 26] Unmatched delimiter ).[0m

  [36m27[0m  [36m    {:time (js/Date.)         ;; What it returns becomes the new application state[0m
  [36m28[0m  [36m     :time-color "#f88"[0m
  [33m29[0m  [1m     :cell-values {1 'X}))    ;; so the application state will initially be a map with two keys[0m
  [0m  [0m  [33m     C:\dev\resources\re-frame\examples\simple\src\simple\core.cljs [line 29, col 26] Unmatched delimiter ).[0m
  [36m30[0m  [36m[0m
  [36m31[0m  [36m[0m
  [36m32[0m  [36m(rf/reg-event-db                ;; usage:  (dispatch [:time-color-change 34562])[0m

[36m----  Reader Error : Please see src/simple/core.cljs  ----[0m
[0mCompiling "resources/public/js/client.js" from ["src"]...[0m
[31mFailed to compile "resources/public/js/client.js" in 0.309 seconds.[0m
[36m----  Could not Read  src/simple/core.cljs   line:29 ----[0m

  [1mC:\dev\resources\re-frame\examples\simple\src\simple\core.cljs [line 29, col 26] Unmatched delimiter ).[0m

  [36m27[0m  [36m    {:time (js/Date.)         ;; What it returns becomes the new application state[0m
  [36m28[0m  [36m     :time-color "#f88"[0m
  [33m29[0m  [1m     :cell-values {1 'X}))    ;; so the application state will initially be a map with two keys[0m
  [0m  [0m  [33m     C:\dev\resources\re-frame\examples\simple\src\simple\core.cljs [line 29, col 26] Unmatched delimiter ).[0m
  [36m30[0m  [36m[0m
  [36m31[0m  [36m[0m
  [36m32[0m  [36m(rf/reg-event-db                ;; usage:  (dispatch [:time-color-change 34562])[0m

[36m----  Reader Error : Please see src/simple/core.cljs  ----[0m
[0mCompiling "resources/public/js/client.js" from ["src"]...[0m
[31mFailed to compile "resources/public/js/client.js" in 0.24 seconds.[0m
[36m----  Could not Read  src/simple/core.cljs   line:29 ----[0m

  [1mC:\dev\resources\re-frame\examples\simple\src\simple\core.cljs [line 29, col 26] Unmatched delimiter ).[0m

  [36m27[0m  [36m    {:time (js/Date.)         ;; What it returns becomes the new application state[0m
  [36m28[0m  [36m     :time-color "#f88"[0m
  [33m29[0m  [1m     :cell-values {1 'X}))    ;; so the application state will initially be a map with two keys[0m
  [0m  [0m  [33m     C:\dev\resources\re-frame\examples\simple\src\simple\core.cljs [line 29, col 26] Unmatched delimiter ).[0m
  [36m30[0m  [36m[0m
  [36m31[0m  [36m[0m
  [36m32[0m  [36m(rf/reg-event-db                ;; usage:  (dispatch [:time-color-change 34562])[0m

[36m----  Reader Error : Please see src/simple/core.cljs  ----[0m
[0mCompiling "resources/public/js/client.js" from ["src"]...[0m
[31mFailed to compile "resources/public/js/client.js" in 0.249 seconds.[0m
[36m----  Could not Read  src/simple/core.cljs   line:29 ----[0m

  [1mC:\dev\resources\re-frame\examples\simple\src\simple\core.cljs [line 29, col 26] Unmatched delimiter ).[0m

  [36m27[0m  [36m    {:time (js/Date.)         ;; What it returns becomes the new application state[0m
  [36m28[0m  [36m     :time-color "#f88"[0m
  [33m29[0m  [1m     :cell-values {1 'X}))    ;; so the application state will initially be a map with two keys[0m
  [0m  [0m  [33m     C:\dev\resources\re-frame\examples\simple\src\simple\core.cljs [line 29, col 26] Unmatched delimiter ).[0m
  [36m30[0m  [36m[0m
  [36m31[0m  [36m[0m
  [36m32[0m  [36m(rf/reg-event-db                ;; usage:  (dispatch [:time-color-change 34562])[0m

[36m----  Reader Error : Please see src/simple/core.cljs  ----[0m
[0mCompiling "resources/public/js/client.js" from ["src"]...[0m
[31mFailed to compile "resources/public/js/client.js" in 0.225 seconds.[0m
[36m----  Could not Read  src/simple/core.cljs   line:29 ----[0m

  [1mC:\dev\resources\re-frame\examples\simple\src\simple\core.cljs [line 29, col 26] Unmatched delimiter ).[0m

  [36m27[0m  [36m    {:time (js/Date.)         ;; What it returns becomes the new application state[0m
  [36m28[0m  [36m     :time-color "#f88"[0m
  [33m29[0m  [1m     :cell-values {1 'X}))    ;; so the application state will initially be a map with two keys[0m
  [0m  [0m  [33m     C:\dev\resources\re-frame\examples\simple\src\simple\core.cljs [line 29, col 26] Unmatched delimiter ).[0m
  [36m30[0m  [36m[0m
  [36m31[0m  [36m[0m
  [36m32[0m  [36m(rf/reg-event-db                ;; usage:  (dispatch [:time-color-change 34562])[0m

[36m----  Reader Error : Please see src/simple/core.cljs  ----[0m
[0mCompiling "resources/public/js/client.js" from ["src"]...[0m
[31mFailed to compile "resources/public/js/client.js" in 0.321 seconds.[0m
[36m----  Could not Read  src/simple/core.cljs   line:29 ----[0m

  [1mC:\dev\resources\re-frame\examples\simple\src\simple\core.cljs [line 29, col 26] Unmatched delimiter ).[0m

  [36m27[0m  [36m    {:time (js/Date.)         ;; What it returns becomes the new application state[0m
  [36m28[0m  [36m     :time-color "#f88"[0m
  [33m29[0m  [1m     :cell-values {1 'X}))    ;; so the application state will initially be a map with two keys[0m
  [0m  [0m  [33m     C:\dev\resources\re-frame\examples\simple\src\simple\core.cljs [line 29, col 26] Unmatched delimiter ).[0m
  [36m30[0m  [36m[0m
  [36m31[0m  [36m[0m
  [36m32[0m  [36m(rf/reg-event-db                ;; usage:  (dispatch [:time-color-change 34562])[0m

[36m----  Reader Error : Please see src/simple/core.cljs  ----[0m
[0mCompiling "resources/public/js/client.js" from ["src"]...[0m
[31mFailed to compile "resources/public/js/client.js" in 0.288 seconds.[0m
[36m----  Could not Read  src/simple/core.cljs   line:29 ----[0m

  [1mC:\dev\resources\re-frame\examples\simple\src\simple\core.cljs [line 29, col 26] Unmatched delimiter ).[0m

  [36m27[0m  [36m    {:time (js/Date.)         ;; What it returns becomes the new application state[0m
  [36m28[0m  [36m     :time-color "#f88"[0m
  [33m29[0m  [1m     :cell-values {1 'X}))    ;; so the application state will initially be a map with two keys[0m
  [0m  [0m  [33m     C:\dev\resources\re-frame\examples\simple\src\simple\core.cljs [line 29, col 26] Unmatched delimiter ).[0m
  [36m30[0m  [36m[0m
  [36m31[0m  [36m[0m
  [36m32[0m  [36m(rf/reg-event-db                ;; usage:  (dispatch [:time-color-change 34562])[0m

[36m----  Reader Error : Please see src/simple/core.cljs  ----[0m
[0mCompiling "resources/public/js/client.js" from ["src"]...[0m
[31mFailed to compile "resources/public/js/client.js" in 0.364 seconds.[0m
[36m----  Could not Read  src/simple/core.cljs   line:29 ----[0m

  [1mC:\dev\resources\re-frame\examples\simple\src\simple\core.cljs [line 29, col 26] Unmatched delimiter ).[0m

  [36m27[0m  [36m    {:time (js/Date.)         ;; What it returns becomes the new application state[0m
  [36m28[0m  [36m     :time-color "#f88"[0m
  [33m29[0m  [1m     :cell-values {1 'X}))    ;; so the application state will initially be a map with two keys[0m
  [0m  [0m  [33m     C:\dev\resources\re-frame\examples\simple\src\simple\core.cljs [line 29, col 26] Unmatched delimiter ).[0m
  [36m30[0m  [36m[0m
  [36m31[0m  [36m[0m
  [36m32[0m  [36m(rf/reg-event-db                ;; usage:  (dispatch [:time-color-change 34562])[0m

[36m----  Reader Error : Please see src/simple/core.cljs  ----[0m
[0mCompiling "resources/public/js/client.js" from ["src"]...[0m
[31mFailed to compile "resources/public/js/client.js" in 0.346 seconds.[0m
[36m----  Could not Read  src/simple/core.cljs   line:63 ----[0m

  [1mC:\dev\resources\re-frame\examples\simple\src\simple\core.cljs [line 63, col 25] Unmatched delimiter ).[0m

  [36m61[0m  [36m  :cell-values [0m
  [36m62[0m  [36m  (fn [db _][0m
  [33m63[0m  [1m    (:cell-values db))))[0m
  [0m  [0m  [33m    C:\dev\resources\re-frame\examples\simple\src\simple\core.cljs [line 63, col 25] Unmatched delimiter ).[0m
  [36m64[0m  [36m[0m
  [36m65[0m  [36m[0m
  [36m66[0m  [36m(rf/reg-sub [0m

[36m----  Reader Error : Please see src/simple/core.cljs  ----[0m
[0mCompiling "resources/public/js/client.js" from ["src"]...[0m
[32mSuccessfully compiled "resources/public/js/client.js" in 0.543 seconds.[0m
notifying browser that file changed:  resources\public\js\simple\core.js
[0mCompiling "resources/public/js/client.js" from ["src"]...[0m
[32mSuccessfully compiled "resources/public/js/client.js" in 0.669 seconds.[0m
notifying browser that file changed:  resources\public\js\simple\core.js
[0mCompiling "resources/public/js/client.js" from ["src"]...[0m
[32mSuccessfully compiled "resources/public/js/client.js" in 0.569 seconds.[0m
notifying browser that file changed:  resources\public\js\simple\core.js
[0mCompiling "resources/public/js/client.js" from ["src"]...[0m
[32mSuccessfully compiled "resources/public/js/client.js" in 0.604 seconds.[0m
notifying browser that file changed:  resources\public\js\simple\core.js
[0mCompiling "resources/public/js/client.js" from ["src"]...[0m
[36m----  Compiler Warning on   src/simple/core.cljs   line:103  column:13  ----[0m

  [1mUse of undeclared Var simple.core/index[0m

  [36m 99[0m  [36m  [:div.board-row [0m
  [36m100[0m  [36m    (for [0m
  [36m101[0m  [36m      [column (range columns index (+ column (* row columns)))] [0m
  [36m102[0m  [36m      ^{:key index}[0m
  [33m103[0m  [1m      (cell index))])[0m
  [0m   [0m  [33m            ^--- Use of undeclared Var simple.core/index[0m
  [36m104[0m  [36m[0m
  [36m105[0m  [36m(defn board [0m
  [36m106[0m  [36m  [rows-columns][0m
  [36m107[0m  [36m  (for [0m
  [36m108[0m  [36m    [row (range rows-columns)] [0m

[36m----  Compiler Warning : Please see src/simple/core.cljs  ----[0m
[36m----  Compiler Warning on   src/simple/core.cljs   line:103  column:13  ----[0m

  [1mUse of undeclared Var simple.core/index[0m

  [36m 99[0m  [36m  [:div.board-row [0m
  [36m100[0m  [36m    (for [0m
  [36m101[0m  [36m      [column (range columns index (+ column (* row columns)))] [0m
  [36m102[0m  [36m      ^{:key index}[0m
  [33m103[0m  [1m      (cell index))])[0m
  [0m   [0m  [33m            ^--- Use of undeclared Var simple.core/index[0m
  [36m104[0m  [36m[0m
  [36m105[0m  [36m(defn board [0m
  [36m106[0m  [36m  [rows-columns][0m
  [36m107[0m  [36m  (for [0m
  [36m108[0m  [36m    [row (range rows-columns)] [0m

[36m----  Compiler Warning : Please see src/simple/core.cljs  ----[0m
[36m----  Compiler Warning on   src/simple/core.cljs   line:101  column:30  ----[0m

  [1mUse of undeclared Var simple.core/index[0m

  [36m 97[0m  [36m(defn cell-row[0m
  [36m 98[0m  [36m  [row columns][0m
  [36m 99[0m  [36m  [:div.board-row [0m
  [36m100[0m  [36m    (for [0m
  [33m101[0m  [1m      [column (range columns index (+ column (* row columns)))] [0m
  [0m   [0m  [33m                             ^--- Use of undeclared Var simple.core/index[0m
  [36m102[0m  [36m      ^{:key index}[0m
  [36m103[0m  [36m      (cell index))])[0m
  [36m104[0m  [36m[0m
  [36m105[0m  [36m(defn board [0m
  [36m106[0m  [36m  [rows-columns][0m

[36m----  Compiler Warning : Please see src/simple/core.cljs  ----[0m
[36m----  Compiler Warning on   src/simple/core.cljs   line:101  column:39  ----[0m

  [1mUse of undeclared Var simple.core/column[0m

  [36m 97[0m  [36m(defn cell-row[0m
  [36m 98[0m  [36m  [row columns][0m
  [36m 99[0m  [36m  [:div.board-row [0m
  [36m100[0m  [36m    (for [0m
  [33m101[0m  [1m      [column (range columns index (+ column (* row columns)))] [0m
  [0m   [0m  [33m                                      ^--- Use of undeclared Var simple.core/column[0m
  [36m102[0m  [36m      ^{:key index}[0m
  [36m103[0m  [36m      (cell index))])[0m
  [36m104[0m  [36m[0m
  [36m105[0m  [36m(defn board [0m
  [36m106[0m  [36m  [rows-columns][0m

[36m----  Compiler Warning : Please see src/simple/core.cljs  ----[0m
[32mSuccessfully compiled "resources/public/js/client.js" in 0.739 seconds.[0m
notifying browser that file changed:  resources\public\js\simple\core.js
[0mCompiling "resources/public/js/client.js" from ["src"]...[0m
[32mSuccessfully compiled "resources/public/js/client.js" in 0.518 seconds.[0m
notifying browser that file changed:  resources\public\js\simple\core.js
[0mCompiling "resources/public/js/client.js" from ["src"]...[0m
[32mSuccessfully compiled "resources/public/js/client.js" in 0.451 seconds.[0m
notifying browser that file changed:  resources\public\js\simple\core.js
[0mCompiling "resources/public/js/client.js" from ["src"]...[0m
[32mSuccessfully compiled "resources/public/js/client.js" in 0.688 seconds.[0m
notifying browser that file changed:  resources\public\js\simple\core.js
[0mCompiling "resources/public/js/client.js" from ["src"]...[0m
[32mSuccessfully compiled "resources/public/js/client.js" in 0.642 seconds.[0m
notifying browser that file changed:  resources\public\js\simple\core.js
[0mCompiling "resources/public/js/client.js" from ["src"]...[0m
[32mSuccessfully compiled "resources/public/js/client.js" in 0.815 seconds.[0m
notifying browser that file changed:  resources\public\js\simple\core.js
[0mCompiling "resources/public/js/client.js" from ["src"]...[0m
[32mSuccessfully compiled "resources/public/js/client.js" in 0.523 seconds.[0m
notifying browser that file changed:  resources\public\js\simple\core.js
[0mCompiling "resources/public/js/client.js" from ["src"]...[0m
[32mSuccessfully compiled "resources/public/js/client.js" in 0.624 seconds.[0m
notifying browser that file changed:  resources\public\js\simple\core.js
[0mCompiling "resources/public/js/client.js" from ["src"]...[0m
[32mSuccessfully compiled "resources/public/js/client.js" in 0.441 seconds.[0m
notifying browser that file changed:  resources\public\js\simple\core.js
[0mCompiling "resources/public/js/client.js" from ["src"]...[0m
[32mSuccessfully compiled "resources/public/js/client.js" in 0.627 seconds.[0m
notifying browser that file changed:  resources\public\js\simple\core.js
[0mCompiling "resources/public/js/client.js" from ["src"]...[0m
[32mSuccessfully compiled "resources/public/js/client.js" in 0.72 seconds.[0m
notifying browser that file changed:  resources\public\js\simple\core.js
[0mCompiling "resources/public/js/client.js" from ["src"]...[0m
[32mSuccessfully compiled "resources/public/js/client.js" in 0.471 seconds.[0m
notifying browser that file changed:  resources\public\js\simple\core.js
[0mCompiling "resources/public/js/client.js" from ["src"]...[0m
[32mSuccessfully compiled "resources/public/js/client.js" in 0.554 seconds.[0m
notifying browser that file changed:  resources\public\js\simple\core.js
[0mCompiling "resources/public/js/client.js" from ["src"]...[0m
[32mSuccessfully compiled "resources/public/js/client.js" in 0.744 seconds.[0m
notifying browser that file changed:  resources\public\js\simple\core.js
[0mCompiling "resources/public/js/client.js" from ["src"]...[0m
[31mFailed to compile "resources/public/js/client.js" in 0.358 seconds.[0m
[36m----  Could not Read  src/simple/core.cljs   line:103 ----[0m

  [1mC:\dev\resources\re-frame\examples\simple\src\simple\core.cljs [line 103, col 22] Unmatched delimiter ).[0m

  [36m101[0m  [36m      [column (range columns) :let[index (+ column (* row columns))]] [0m
  [36m102[0m  [36m      ^{:key index}[0m
  [33m103[0m  [1m      [cell index])))])[0m
  [0m   [0m  [33m      C:\dev\resources\re-frame\examples\simple\src\simple\core.cljs [line 103, col 22] Unmatched delimiter ).[0m
  [36m104[0m  [36m[0m
  [36m105[0m  [36m(defn board [0m
  [36m106[0m  [36m  [rows-columns][0m

[36m----  Reader Error : Please see src/simple/core.cljs  ----[0m
[0mCompiling "resources/public/js/client.js" from ["src"]...[0m
[31mFailed to compile "resources/public/js/client.js" in 0.383 seconds.[0m
[36m----  Could not Read  src/simple/core.cljs   line:103 ----[0m

  [1mC:\dev\resources\re-frame\examples\simple\src\simple\core.cljs [line 103, col 22] Unmatched delimiter ).[0m

  [36m101[0m  [36m      [column (range columns) :let[index (+ column (* row columns))]] [0m
  [36m102[0m  [36m      ^{:key index}[0m
  [33m103[0m  [1m      [cell index])))])[0m
  [0m   [0m  [33m      C:\dev\resources\re-frame\examples\simple\src\simple\core.cljs [line 103, col 22] Unmatched delimiter ).[0m
  [36m104[0m  [36m[0m
  [36m105[0m  [36m(defn board [0m
  [36m106[0m  [36m  [rows-columns][0m

[36m----  Reader Error : Please see src/simple/core.cljs  ----[0m
[0mCompiling "resources/public/js/client.js" from ["src"]...[0m
[31mFailed to compile "resources/public/js/client.js" in 0.492 seconds.[0m
[36m----  Could not Read  src/simple/core.cljs   line:116 ----[0m

  [1mC:\dev\resources\re-frame\examples\simple\src\simple\core.cljs [line 116, col 14] Unmatched delimiter ).[0m

  [36m114[0m  [36m  [:div[0m
  [36m115[0m  [36m   [:h1 "Tic Tac Toe"][0m
  [33m116[0m  [1m   [board 3])[0m
  [0m   [0m  [33m   C:\dev\resources\re-frame\examples\simple\src\simple\core.cljs [line 116, col 14] Unmatched delimiter ).[0m
  [36m117[0m  [36m[0m
  [36m118[0m  [36m;; -- Entry Point -------------------------------------------------------------[0m

[36m----  Reader Error : Please see src/simple/core.cljs  ----[0m
[0mCompiling "resources/public/js/client.js" from ["src"]...[0m
[32mSuccessfully compiled "resources/public/js/client.js" in 0.463 seconds.[0m
notifying browser that file changed:  resources\public\js\simple\core.js
[0mCompiling "resources/public/js/client.js" from ["src"]...[0m
[32mSuccessfully compiled "resources/public/js/client.js" in 0.509 seconds.[0m
notifying browser that file changed:  resources\public\js\simple\core.js
[0mCompiling "resources/public/js/client.js" from ["src"]...[0m
[32mSuccessfully compiled "resources/public/js/client.js" in 0.629 seconds.[0m
notifying browser that file changed:  resources\public\js\simple\core.js
[0mCompiling "resources/public/js/client.js" from ["src"]...[0m
[31mFailed to compile "resources/public/js/client.js" in 0.352 seconds.[0m
[36m----  Could not Read  src/simple/core.cljs   line:116 ----[0m

  [1mC:\dev\resources\re-frame\examples\simple\src\simple\core.cljs [line 116, col 14] Unmatched delimiter ).[0m

  [36m114[0m  [36m  [:div[0m
  [36m115[0m  [36m   [:h1 "Tic Tac Toe"][0m
  [33m116[0m  [1m   [board 3])[0m
  [0m   [0m  [33m   C:\dev\resources\re-frame\examples\simple\src\simple\core.cljs [line 116, col 14] Unmatched delimiter ).[0m
  [36m117[0m  [36m[0m
  [36m118[0m  [36m;; -- Entry Point -------------------------------------------------------------[0m

[36m----  Reader Error : Please see src/simple/core.cljs  ----[0m
[0mCompiling "resources/public/js/client.js" from ["src"]...[0m
[32mSuccessfully compiled "resources/public/js/client.js" in 0.503 seconds.[0m
notifying browser that file changed:  resources\public\js\simple\core.js
[0mCompiling "resources/public/js/client.js" from ["src"]...[0m
[32mSuccessfully compiled "resources/public/js/client.js" in 0.514 seconds.[0m
notifying browser that file changed:  resources\public\js\simple\core.js
[0mCompiling "resources/public/js/client.js" from ["src"]...[0m
[32mSuccessfully compiled "resources/public/js/client.js" in 0.522 seconds.[0m
notifying browser that file changed:  resources\public\js\simple\core.js
[0mCompiling "resources/public/js/client.js" from ["src"]...[0m
[32mSuccessfully compiled "resources/public/js/client.js" in 0.655 seconds.[0m
notifying browser that file changed:  resources\public\js\simple\core.js
[0mCompiling "resources/public/js/client.js" from ["src"]...[0m
[32mSuccessfully compiled "resources/public/js/client.js" in 0.691 seconds.[0m
notifying browser that file changed:  resources\public\js\simple\core.js
[0mCompiling "resources/public/js/client.js" from ["src"]...[0m
[32mSuccessfully compiled "resources/public/js/client.js" in 0.682 seconds.[0m
notifying browser that file changed:  resources\public\js\simple\core.js
[0mCompiling "resources/public/js/client.js" from ["src"]...[0m
[32mSuccessfully compiled "resources/public/js/client.js" in 0.706 seconds.[0m
notifying browser that file changed:  resources\public\js\simple\core.js
[0mCompiling "resources/public/js/client.js" from ["src"]...[0m
[32mSuccessfully compiled "resources/public/js/client.js" in 0.509 seconds.[0m
notifying browser that file changed:  resources\public\js\simple\core.js
[0mCompiling "resources/public/js/client.js" from ["src"]...[0m
[36m----  Compiler Warning on   src/simple/core.cljs   line:46  column:39  ----[0m

  [1mUse of undeclared Var simple.core/value[0m

  [36m43[0m  [36m(rf/reg-event-db                 ;; usage:  (dispatch [:timer a-js-Date])[0m
  [36m44[0m  [36m  :mark             ;; every second an event of this kind will be dispatched[0m
  [36m45[0m  [36m  (fn [db [_ index]]       ;; note how the 2nd parameter is destructured to obtain the data value[0m
  [33m46[0m  [1m    (assoc-in db [:cell-values index] value)))  ;; compute and return the new application state[0m
  [0m  [0m  [33m                                      ^--- Use of undeclared Var simple.core/value[0m
  [36m47[0m  [36m[0m
  [36m48[0m  [36m;; -- Domino 4 - Query  -------------------------------------------------------[0m
  [36m49[0m  [36m[0m
  [36m50[0m  [36m(rf/reg-sub[0m
  [36m51[0m  [36m  :time[0m

[36m----  Compiler Warning : Please see src/simple/core.cljs  ----[0m
[32mSuccessfully compiled "resources/public/js/client.js" in 0.546 seconds.[0m
notifying browser that file changed:  resources\public\js\simple\core.js
[0mCompiling "resources/public/js/client.js" from ["src"]...[0m
[32mSuccessfully compiled "resources/public/js/client.js" in 0.576 seconds.[0m
notifying browser that file changed:  resources\public\js\simple\core.js
[0mCompiling "resources/public/js/client.js" from ["src"]...[0m
[32mSuccessfully compiled "resources/public/js/client.js" in 0.473 seconds.[0m
notifying browser that file changed:  resources\public\js\simple\core.js
[0mCompiling "resources/public/js/client.js" from ["src"]...[0m
[32mSuccessfully compiled "resources/public/js/client.js" in 0.441 seconds.[0m
notifying browser that file changed:  resources\public\js\simple\core.js
[0mCompiling "resources/public/js/client.js" from ["src"]...[0m
[31mFailed to compile "resources/public/js/client.js" in 0.545 seconds.[0m
[36m----  Could not Read  src/simple/core.cljs   line:127 ----[0m

  [1mC:\dev\resources\re-frame\examples\simple\src\simple\core.cljs [line 127, col 1] Unexpected EOF while reading item 14 of list, starting at line 44 and column 1.[0m

[36m----  Reader Error : Please see src/simple/core.cljs  ----[0m
[0mCompiling "resources/public/js/client.js" from ["src"]...[0m
[36m----  Compiler Warning on   src/simple/core.cljs   line:49  column:7  ----[0m

  [1mWrong number of args (2) passed to cljs.core/assoc-in[0m

  [36m45[0m  [36m  :mark                          ;; every second an event of this kind will be dispatched[0m
  [36m46[0m  [36m  (fn [db [_ index]]             ;; note how the 2nd parameter is destructured to obtain the data value[0m
  [36m47[0m  [36m    (-> db[0m
  [36m48[0m  [36m      (assoc-in [:cell-values index] (:mark db))[0m
  [33m49[0m  [1m      (assoc-in [:mark 'O])[0m
  [0m  [0m  [33m      ^--- Wrong number of args (2) passed to cljs.core/assoc-in[0m
  [36m50[0m  [36m      )))  ;; compute and return the new application state[0m
  [36m51[0m  [36m[0m
  [36m52[0m  [36m;; -- Domino 4 - Query  -------------------------------------------------------[0m
  [36m53[0m  [36m[0m
  [36m54[0m  [36m(rf/reg-sub[0m

[36m----  Compiler Warning : Please see src/simple/core.cljs  ----[0m
[32mSuccessfully compiled "resources/public/js/client.js" in 0.608 seconds.[0m
notifying browser that file changed:  resources\public\js\simple\core.js
[0mCompiling "resources/public/js/client.js" from ["src"]...[0m
[32mSuccessfully compiled "resources/public/js/client.js" in 0.464 seconds.[0m
notifying browser that file changed:  resources\public\js\simple\core.js
[0mCompiling "resources/public/js/client.js" from ["src"]...[0m
[32mSuccessfully compiled "resources/public/js/client.js" in 0.644 seconds.[0m
notifying browser that file changed:  resources\public\js\simple\core.js
[0mCompiling "resources/public/js/client.js" from ["src"]...[0m
[32mSuccessfully compiled "resources/public/js/client.js" in 0.479 seconds.[0m
notifying browser that file changed:  resources\public\js\simple\core.js
[0mCompiling "resources/public/js/client.js" from ["src"]...[0m
[32mSuccessfully compiled "resources/public/js/client.js" in 0.452 seconds.[0m
notifying browser that file changed:  resources\public\js\simple\core.js
[0mCompiling "resources/public/js/client.js" from ["src"]...[0m
[32mSuccessfully compiled "resources/public/js/client.js" in 0.446 seconds.[0m
notifying browser that file changed:  resources\public\js\simple\core.js
[0mCompiling "resources/public/js/client.js" from ["src"]...[0m
[32mSuccessfully compiled "resources/public/js/client.js" in 0.423 seconds.[0m
notifying browser that file changed:  resources\public\js\simple\core.js
[0mCompiling "resources/public/js/client.js" from ["src"]...[0m
[31mFailed to compile "resources/public/js/client.js" in 0.254 seconds.[0m
[36m----  Could not Analyze  src/simple/core.cljs   line:47  column:5  ----[0m

  [1mToo few arguments to if at line 47 C:\dev\resources\re-frame\examples\simple\src\simple\core.cljs[0m

  [36m45[0m  [36m:mark                          ;; every second an event of this kind will be dispatched[0m
  [36m46[0m  [36m(fn [db [_ index]]             ;; note how the 2nd parameter is destructured to obtain the data value[0m
  [33m47[0m  [1m  (if (contains?))[0m
  [0m  [0m  [33m  ^--- Too few arguments to if at line 47 C:\dev\resources\re-frame\examples\simple\src\simple\core.cljs[0m
  [36m48[0m  [36m  (condp = (get-in db [:cell-values index] "")[0m
  [36m49[0m  [36m    "" [0m
  [36m50[0m  [36m  )[0m

[36m----  Analysis Error : Please see src/simple/core.cljs  ----[0m
[0mCompiling "resources/public/js/client.js" from ["src"]...[0m
[31mFailed to compile "resources/public/js/client.js" in 0.283 seconds.[0m
[36m----  Could not Analyze  src/simple/core.cljs   line:47  column:5  ----[0m

  [1mToo few arguments to if at line 47 C:\dev\resources\re-frame\examples\simple\src\simple\core.cljs[0m

  [36m45[0m  [36m:mark                          ;; every second an event of this kind will be dispatched[0m
  [36m46[0m  [36m(fn [db [_ index]]             ;; note how the 2nd parameter is destructured to obtain the data value[0m
  [33m47[0m  [1m  (if (contains? (:cell-values db)))[0m
  [0m  [0m  [33m  ^--- Too few arguments to if at line 47 C:\dev\resources\re-frame\examples\simple\src\simple\core.cljs[0m
  [36m48[0m  [36m  (condp = (get-in db [:cell-values index] "")[0m
  [36m49[0m  [36m    "" [0m
  [36m50[0m  [36m  )[0m

[36m----  Analysis Error : Please see src/simple/core.cljs  ----[0m
[0mCompiling "resources/public/js/client.js" from ["src"]...[0m
[32mSuccessfully compiled "resources/public/js/client.js" in 0.472 seconds.[0m
notifying browser that file changed:  resources\public\js\simple\core.js
[0mCompiling "resources/public/js/client.js" from ["src"]...[0m
[32mSuccessfully compiled "resources/public/js/client.js" in 0.512 seconds.[0m
notifying browser that file changed:  resources\public\js\simple\core.js
[0mCompiling "resources/public/js/client.js" from ["src"]...[0m
[32mSuccessfully compiled "resources/public/js/client.js" in 0.652 seconds.[0m
notifying browser that file changed:  resources\public\js\simple\core.js
[0mCompiling "resources/public/js/client.js" from ["src"]...[0m
[32mSuccessfully compiled "resources/public/js/client.js" in 0.661 seconds.[0m
notifying browser that file changed:  resources\public\js\simple\core.js
[0mCompiling "resources/public/js/client.js" from ["src"]...[0m
[32mSuccessfully compiled "resources/public/js/client.js" in 0.598 seconds.[0m
notifying browser that file changed:  resources\public\js\simple\core.js
[0mCompiling "resources/public/js/client.js" from ["src"]...[0m
[32mSuccessfully compiled "resources/public/js/client.js" in 0.656 seconds.[0m
notifying browser that file changed:  resources\public\js\simple\core.js
[0mCompiling "resources/public/js/client.js" from ["src"]...[0m
[31mFailed to compile "resources/public/js/client.js" in 0.592 seconds.[0m
[36m----  Could not Read  src/simple/core.cljs   line:125 ----[0m

  [1mC:\dev\resources\re-frame\examples\simple\src\simple\core.cljs [line 125, col 14] Unmatched delimiter ).[0m

  [36m123[0m  [36m  [:div[0m
  [36m124[0m  [36m   [:h1 "Tic Tac Toe"][0m
  [33m125[0m  [1m   [board 3])[0m
  [0m   [0m  [33m   C:\dev\resources\re-frame\examples\simple\src\simple\core.cljs [line 125, col 14] Unmatched delimiter ).[0m
  [36m126[0m  [36m[0m
  [36m127[0m  [36m;; -- Entry Point -------------------------------------------------------------[0m

[36m----  Reader Error : Please see src/simple/core.cljs  ----[0m
[0mCompiling "resources/public/js/client.js" from ["src"]...[0m
[32mSuccessfully compiled "resources/public/js/client.js" in 0.553 seconds.[0m
notifying browser that file changed:  resources\public\js\simple\core.js
[0mCompiling "resources/public/js/client.js" from ["src"]...[0m
[32mSuccessfully compiled "resources/public/js/client.js" in 0.631 seconds.[0m
notifying browser that file changed:  resources\public\js\simple\core.js
[0mCompiling "resources/public/js/client.js" from ["src"]...[0m
[32mSuccessfully compiled "resources/public/js/client.js" in 0.862 seconds.[0m
notifying browser that file changed:  resources\public\js\simple\core.js
[0mCompiling "resources/public/js/client.js" from ["src"]...[0m
[32mSuccessfully compiled "resources/public/js/client.js" in 0.478 seconds.[0m
notifying browser that file changed:  resources\public\js\simple\core.js
[0mCompiling "resources/public/js/client.js" from ["src"]...[0m
[32mSuccessfully compiled "resources/public/js/client.js" in 0.659 seconds.[0m
notifying browser that file changed:  resources\public\js\simple\core.js
[0mCompiling "resources/public/js/client.js" from ["src"]...[0m
[32mSuccessfully compiled "resources/public/js/client.js" in 0.546 seconds.[0m
notifying browser that file changed:  resources\public\js\simple\core.js
